{"level":"info","message":"Request /api/shows - method: GET","timestamp":"2017-05-21T21:39:29.429Z"}
{"level":"info","message":"Request /api/shows - method: GET","timestamp":"2017-05-21T21:41:21.003Z"}
{"level":"info","message":"Request /api/shows - method: GET","timestamp":"2017-05-21T22:15:04.611Z"}
{"level":"info","message":"Request /api/shows - method: GET","timestamp":"2017-05-21T22:17:10.346Z"}
{"level":"info","message":"Request /api/shows - method: GET","timestamp":"2017-05-21T22:17:28.260Z"}
{"level":"info","message":"Request /api/shows - method: GET","timestamp":"2017-05-21T22:25:41.951Z"}
{"level":"info","message":"Request /api/user/twitter - method: GET","timestamp":"2017-05-28T20:57:25.488Z"}
{"level":"info","message":"Request /api/user/twitter - method: GET","timestamp":"2017-05-28T20:58:44.068Z"}
{"level":"info","message":"Request /api/user/twitter - method: GET","timestamp":"2017-05-28T20:59:44.639Z"}
{"level":"info","message":"Request /api/user/twitter - method: GET","timestamp":"2017-05-28T21:15:46.190Z"}
{"level":"info","message":"Request /api/user/twitter - method: GET","timestamp":"2017-05-28T21:37:03.222Z"}
{"level":"info","message":"Request /api/user/twitter - method: GET","timestamp":"2017-05-28T21:41:40.660Z"}
{"level":"info","message":"Request /api/user/twitter - method: GET","timestamp":"2017-05-28T21:46:46.351Z"}
{"level":"info","message":"Request /api/shows - method: GET","timestamp":"2017-05-28T21:46:52.141Z"}
{"level":"info","message":"Request /api/user/twitter - method: GET","timestamp":"2017-05-28T21:49:43.913Z"}
{"level":"info","message":"Request /api/show/3 - method: GET","timestamp":"2017-05-28T21:53:47.041Z"}
{"level":"info","message":"Request /api/shows - method: GET","timestamp":"2017-05-28T21:53:48.602Z"}
{"level":"info","message":"Request /api/ping - method: GET","timestamp":"2017-05-31T18:31:13.723Z"}
{"level":"info","message":"Request /api/ping - method: GET","timestamp":"2017-05-31T18:32:06.425Z"}
{"level":"info","message":"Request /api/ping - method: GET","timestamp":"2017-05-31T18:32:06.440Z"}
{"level":"info","message":"Request /ping - method: GET","timestamp":"2017-05-31T18:32:12.828Z"}
{"level":"info","message":"Request /ping - method: GET","timestamp":"2017-05-31T18:32:12.834Z"}
{"level":"info","message":"Request /ping - method: GET","timestamp":"2017-05-31T18:33:10.679Z"}
{"level":"info","message":"Request /ping - method: GET","timestamp":"2017-05-31T18:33:10.682Z"}
{"level":"info","message":"Request /api/shows - method: GET","timestamp":"2017-05-31T18:49:59.657Z"}
{"level":"info","message":"Request /api/user/twitter - method: GET","timestamp":"2017-05-31T18:54:48.907Z"}
{"level":"info","message":"Request /api/shows - method: GET","timestamp":"2017-05-31T18:54:52.570Z"}
{"level":"info","message":"Request /api/shows - method: GET","timestamp":"2017-05-31T19:28:19.007Z"}
{"level":"info","message":"Request /api/user/twitter - method: GET","timestamp":"2017-05-31T19:28:34.945Z"}
{"level":"info","message":"Request /favicon.ico - method: GET","timestamp":"2017-05-31T19:28:35.029Z"}
{"level":"info","message":"Request /auth/user/twitter - method: GET","timestamp":"2017-05-31T19:31:16.714Z"}
{"level":"info","message":"Request /api/shows - method: GET","timestamp":"2017-05-31T19:32:13.761Z"}
{"level":"info","message":"Request /api/shows - method: GET","timestamp":"2017-05-31T19:48:08.488Z"}
{"level":"info","message":"Request /ping - method: GET","timestamp":"2017-05-31T19:52:44.584Z"}
{"level":"info","message":"Request /api/shows - method: GET","timestamp":"2017-05-31T19:52:49.284Z"}
{"level":"info","message":"Request /auth/twitter - method: GET","timestamp":"2017-05-31T20:06:02.974Z"}
{"level":"info","message":"Request /shows - method: GET","timestamp":"2017-06-01T19:54:13.758Z"}
{"level":"info","message":"Request /favicon.ico - method: GET","timestamp":"2017-06-01T19:54:13.950Z"}
{"level":"info","message":"Request /shows - method: GET","timestamp":"2017-06-01T19:54:33.962Z"}
{"level":"info","message":"Request /api/shows - method: GET","timestamp":"2017-06-01T20:24:43.460Z"}
{"level":"info","message":"Request /api/shows - method: GET","timestamp":"2017-06-01T20:24:54.632Z"}
{"level":"info","message":"Request /auth/twitter - method: GET","timestamp":"2017-06-01T20:25:03.159Z"}
{"level":"info","message":"Request /auth/twitter - method: GET","timestamp":"2017-06-01T20:27:02.573Z"}
{"level":"info","message":"Request /auth/twitter - method: GET","timestamp":"2017-06-01T20:28:30.617Z"}
{"level":"info","message":"Request /auth/twitter - method: GET","timestamp":"2017-06-01T20:28:39.193Z"}
{"level":"info","message":"Request /auth/twitter - method: GET","timestamp":"2017-06-01T20:30:29.455Z"}
{"level":"info","message":"Request /auth/twitter - method: GET","timestamp":"2017-06-01T20:32:46.517Z"}
{"level":"info","message":"Request /auth/twitter/callback?oauth_token=f1OqKgAAAAAA03rPAAABXGVcTSA&oauth_verifier=F0oqAX4nLEPVM434zVyJ9KjL5ikiiXGu - method: GET","timestamp":"2017-06-01T20:32:50.236Z"}
{"level":"info","message":"Request /auth/twitter - method: GET","timestamp":"2017-06-01T20:33:59.027Z"}
{"level":"info","message":"Request /auth/twitter - method: GET","timestamp":"2017-06-01T20:34:17.528Z"}
{"level":"info","message":"Request /auth/twitter - method: GET","timestamp":"2017-06-01T20:35:10.143Z"}
{"level":"info","message":"Request /auth/twitter/callback?oauth_token=9SkRLQAAAAAA03rPAAABXGVefdQ&oauth_verifier=mPf1rC1yqOhDwJJrjyzmypKfTGgQmeJu - method: GET","timestamp":"2017-06-01T20:35:11.134Z"}
{"level":"info","message":"Request /auth/twitter - method: GET","timestamp":"2017-06-01T20:35:26.923Z"}
{"level":"info","message":"Request /auth/twitter/callback?oauth_token=AM8EFgAAAAAA03rPAAABXGVev_E&oauth_verifier=e9Ifd2z4vXVdddqF9RmUIcAypTS0oniV - method: GET","timestamp":"2017-06-01T20:35:28.028Z"}
{"level":"info","message":"Request /auth/twitter - method: GET","timestamp":"2017-06-01T20:37:01.362Z"}
{"level":"info","message":"Request /auth/twitter/callback?oauth_token=lBplugAAAAAA03rPAAABXGVgMOY&oauth_verifier=omqwh7CgTuG3Uw77LpySNRnKm0yrkixD - method: GET","timestamp":"2017-06-01T20:37:02.542Z"}
{"level":"info","message":"Request /api/shows - method: GET","timestamp":"2017-06-01T20:40:27.903Z"}
{"level":"info","message":"Request /auth/twitter - method: GET","timestamp":"2017-06-01T20:40:37.144Z"}
{"level":"info","message":"Request /%C3%A7auth/twitter/callback?oauth_token=tQZlhwAAAAAA03rPAAABXGVje2Q&oauth_verifier=XEG4R6GNhOxI7dKjqCvxLxGIPrXpDn6w - method: GET","timestamp":"2017-06-01T20:40:38.952Z"}
{"level":"info","message":"Request /auth/twitter - method: GET","timestamp":"2017-06-01T20:41:19.429Z"}
{"level":"info","message":"Request /auth/twitter/callback?oauth_token=e1E38AAAAAAA03rPAAABXGVkIJI&oauth_verifier=MjguziKlTD9oE2plhrSf5RwSADwlOgdo - method: GET","timestamp":"2017-06-01T20:41:20.454Z"}
{"level":"info","message":"Request /api/shows - method: GET","timestamp":"2017-06-01T20:45:47.245Z"}
{"level":"info","message":"Request /auth/twitter - method: GET","timestamp":"2017-06-01T20:45:54.648Z"}
{"level":"info","message":"Request /auth/twitter/callback?oauth_token=x1XKYAAAAAAA03rPAAABXGVoU9E&oauth_verifier=PO262CHev5tXuVFI14phKLCSbR9X8b90 - method: GET","timestamp":"2017-06-01T20:45:55.695Z"}
{"level":"info","message":"Request /auth/logged - method: GET","timestamp":"2017-06-01T20:46:05.955Z"}
{"level":"info","message":"Request /api/shows - method: GET","timestamp":"2017-06-01T20:47:11.071Z"}
{"level":"info","message":"Request /auth/twitter - method: GET","timestamp":"2017-06-01T20:47:17.625Z"}
{"level":"info","message":"Request /auth/twitter/callback?oauth_token=iSMlwwAAAAAA03rPAAABXGVplzc&oauth_verifier=qfZdxigSLl4FVHWiFvcIRTqN9ST5h20p - method: GET","timestamp":"2017-06-01T20:47:19.246Z"}
{"level":"info","message":"Request /auth/logged - method: GET","timestamp":"2017-06-01T20:48:40.563Z"}
{"level":"info","message":"Request /api/shows - method: GET","timestamp":"2017-06-01T20:49:12.179Z"}
{"level":"info","message":"Request /auth/twitter - method: GET","timestamp":"2017-06-01T20:49:35.171Z"}
{"level":"info","message":"Request /auth/twitter/callback?oauth_token=K9Yg9QAAAAAA03rPAAABXGVrsUw&oauth_verifier=oVnYofj7dvfGvFdGYt1ZGQC9jFeRt5wJ - method: GET","timestamp":"2017-06-01T20:49:36.211Z"}
{"level":"info","message":"Request /auth/logged - method: GET","timestamp":"2017-06-01T20:51:25.316Z"}
{"level":"info","message":"Request /api/shows - method: GET","timestamp":"2017-06-01T21:07:04.102Z"}
{"level":"info","message":"Request /auth/twitter - method: GET","timestamp":"2017-06-01T21:07:12.232Z"}
{"level":"info","message":"Request /auth/twitter/callback?oauth_token=UC5EkwAAAAAA03rPAAABXGV701c&oauth_verifier=udg3AqoMMUkSd0Qu0qgedryMITJyrATQ - method: GET","timestamp":"2017-06-01T21:07:13.778Z"}
{"level":"info","message":"Request /api/shows - method: GET","timestamp":"2017-06-01T21:09:26.926Z"}
{"level":"info","message":"Request /auth/twitter - method: GET","timestamp":"2017-06-01T21:09:32.537Z"}
{"level":"info","message":"Request /auth/twitter/callback?oauth_token=18wE3gAAAAAA03rPAAABXGV9-gg&oauth_verifier=0dsaljVWLaSMivW9gj59nPG95lNIb9Sq - method: GET","timestamp":"2017-06-01T21:09:34.738Z"}
{"level":"info","message":"Request /api/shows - method: GET","timestamp":"2017-06-01T21:12:25.517Z"}
{"level":"info","message":"Request /auth/twitter - method: GET","timestamp":"2017-06-01T21:12:33.532Z"}
{"level":"info","message":"Request /auth/twitter/callback?oauth_token=sPty3gAAAAAA03rPAAABXGWAu_k&oauth_verifier=L6HH09lfqBBUW5QyRjnXMvLEg3UVk75e - method: GET","timestamp":"2017-06-01T21:12:36.159Z"}
{"level":"info","message":"Request /auth/logged - method: GET","timestamp":"2017-06-01T21:13:44.705Z"}
{"level":"error","message":"TypeError: Cannot read property 'twitter' of undefined\n    at UserBusiness.logged (/home/azucgar/src/movuex-server/server/app/user/business/user.business.js:9:52)\n    at UserController.logged (/home/azucgar/src/movuex-server/server/app/user/controllers/user.controller.js:13:25)\n    at Layer.handle [as handle_request] (/home/azucgar/src/movuex-server/node_modules/express/lib/router/layer.js:95:5)\n    at next (/home/azucgar/src/movuex-server/node_modules/express/lib/router/route.js:137:13)\n    at Route.dispatch (/home/azucgar/src/movuex-server/node_modules/express/lib/router/route.js:112:3)\n    at Layer.handle [as handle_request] (/home/azucgar/src/movuex-server/node_modules/express/lib/router/layer.js:95:5)\n    at /home/azucgar/src/movuex-server/node_modules/express/lib/router/index.js:281:22\n    at Function.process_params (/home/azucgar/src/movuex-server/node_modules/express/lib/router/index.js:335:12)\n    at next (/home/azucgar/src/movuex-server/node_modules/express/lib/router/index.js:275:10)\n    at Function.handle (/home/azucgar/src/movuex-server/node_modules/express/lib/router/index.js:174:3)\n    at router (/home/azucgar/src/movuex-server/node_modules/express/lib/router/index.js:47:12)\n    at Layer.handle [as handle_request] (/home/azucgar/src/movuex-server/node_modules/express/lib/router/layer.js:95:5)\n    at trim_prefix (/home/azucgar/src/movuex-server/node_modules/express/lib/router/index.js:317:13)\n    at /home/azucgar/src/movuex-server/node_modules/express/lib/router/index.js:284:7\n    at Function.process_params (/home/azucgar/src/movuex-server/node_modules/express/lib/router/index.js:335:12)\n    at next (/home/azucgar/src/movuex-server/node_modules/express/lib/router/index.js:275:10)","timestamp":"2017-06-01T21:14:00.986Z"}
{"level":"info","message":"Request /api/shows - method: GET","timestamp":"2017-06-01T21:14:01.397Z"}
{"level":"info","message":"Request /auth/twitter - method: GET","timestamp":"2017-06-01T21:14:13.830Z"}
{"level":"info","message":"Request /auth/twitter/callback?oauth_token=4ZOJfQAAAAAA03rPAAABXGWCTXw&oauth_verifier=6q6OwFUGMHix55BfPUmmf67uRftM9CA7 - method: GET","timestamp":"2017-06-01T21:14:19.505Z"}
{"level":"info","message":"Request /api/shows - method: GET","timestamp":"2017-06-05T21:15:33.874Z"}
{"level":"info","message":"Request /api/search?q=Flash - method: GET","timestamp":"2017-06-05T21:16:00.462Z"}
{"level":"info","message":"Request /api/search?q=Survivor - method: GET","timestamp":"2017-06-05T21:16:08.196Z"}
{"level":"info","message":"Request /api/search?q=Sillicon+Valley - method: GET","timestamp":"2017-06-05T21:16:22.335Z"}
{"level":"info","message":"Request /api/search?q=Sillicon - method: GET","timestamp":"2017-06-05T21:16:24.694Z"}
{"level":"info","message":"Request /api/search?q= - method: GET","timestamp":"2017-06-05T21:16:26.823Z"}
{"level":"info","message":"Request /api/shows - method: GET","timestamp":"2017-06-05T21:18:45.521Z"}
{"level":"info","message":"Request /favicon.ico - method: GET","timestamp":"2017-06-05T21:18:45.794Z"}
{"level":"info","message":"Request /auth/twitter - method: GET","timestamp":"2017-06-05T21:19:03.650Z"}
{"level":"info","message":"Request /auth/twitter - method: GET","timestamp":"2017-06-05T21:21:37.067Z"}
{"level":"info","message":"Request /auth/twitter/callback?oauth_token=NPALoAAAAAAA03rPAAABXHoieUk&oauth_verifier=ZUPRu4JMqdhxLkqu1YhBieaO6AfNEZFJ - method: GET","timestamp":"2017-06-05T21:21:42.015Z"}
{"level":"info","message":"Request /auth/logged - method: GET","timestamp":"2017-06-05T21:21:44.831Z"}
{"level":"info","message":"Request /api/shows - method: GET","timestamp":"2017-06-05T21:23:27.165Z"}
{"level":"info","message":"Request /auth/twitter - method: GET","timestamp":"2017-06-05T21:23:33.107Z"}
{"level":"info","message":"Request /auth/twitter/callback?oauth_token=M0FjEwAAAAAA03rPAAABXHokOms&oauth_verifier=D3PuFCpSjqrkc7Sl5JlnJYgTLl6X03MB - method: GET","timestamp":"2017-06-05T21:23:34.934Z"}
{"level":"info","message":"Request /auth/logged - method: GET","timestamp":"2017-06-05T21:23:36.850Z"}
{"level":"info","message":"Request /auth/logged - method: GET","timestamp":"2017-06-05T21:26:04.555Z"}
{"level":"info","message":"Request /api/shows - method: GET","timestamp":"2017-06-05T21:26:21.920Z"}
{"level":"info","message":"Request /api/shows - method: GET","timestamp":"2017-06-05T21:26:22.450Z"}
{"level":"info","message":"Request /auth/twitter - method: GET","timestamp":"2017-06-05T21:26:27.597Z"}
{"level":"info","message":"Request /auth/twitter/callback?oauth_token=AHPsuAAAAAAA03rPAAABXHom7XY&oauth_verifier=Zqh34sNr2EGuGZzBCrmmzpZrBoLByewz - method: GET","timestamp":"2017-06-05T21:26:31.697Z"}
{"level":"info","message":"Request /auth/logged - method: GET","timestamp":"2017-06-05T21:26:34.187Z"}
{"level":"info","message":"Request /api/shows - method: GET","timestamp":"2017-06-05T21:32:25.572Z"}
{"level":"info","message":"Request /api/shows - method: GET","timestamp":"2017-06-05T21:38:46.303Z"}
{"level":"info","message":"Request /auth/twitter - method: GET","timestamp":"2017-06-05T21:45:38.994Z"}
{"level":"info","message":"Request /auth/twitter - method: GET","timestamp":"2017-06-05T21:46:15.719Z"}
{"level":"info","message":"Request /user/twitter - method: GET","timestamp":"2017-06-05T21:47:51.130Z"}
{"level":"info","message":"Request /user/twitter/callback?oauth_token=DQ_IKQAAAAAA03rPAAABXHo6fbo&oauth_verifier=kzMruyOOkvA9Lf3PrgOd1Bw7CRZlSoV3 - method: GET","timestamp":"2017-06-05T21:47:55.492Z"}
{"level":"info","message":"Request /user/profile - method: GET","timestamp":"2017-06-05T21:47:57.964Z"}
{"level":"info","message":"Request /api/shows - method: GET","timestamp":"2017-06-05T21:50:14.157Z"}
{"level":"info","message":"Request /api/shows - method: GET","timestamp":"2017-06-05T21:50:57.633Z"}
{"level":"info","message":"Request /api/shows - method: GET","timestamp":"2017-06-05T21:51:08.979Z"}
{"level":"info","message":"Request /login - method: GET","timestamp":"2017-06-05T21:51:18.082Z"}
{"level":"info","message":"Request /show/1 - method: GET","timestamp":"2017-06-05T21:51:38.461Z"}
{"level":"info","message":"Request /api/shows - method: GET","timestamp":"2017-06-05T21:51:42.590Z"}
{"level":"info","message":"Request /show/2 - method: GET","timestamp":"2017-06-05T21:53:21.868Z"}
{"level":"info","message":"Request /api/shows - method: GET","timestamp":"2017-06-05T21:53:25.447Z"}
{"level":"info","message":"Request /api/show/1 - method: GET","timestamp":"2017-06-05T21:53:26.803Z"}
{"level":"info","message":"Request /api/shows - method: GET","timestamp":"2017-06-05T21:53:35.044Z"}
{"level":"info","message":"Request /api/shows - method: GET","timestamp":"2017-06-05T21:55:20.231Z"}
{"level":"info","message":"Request /user/twitter - method: GET","timestamp":"2017-06-05T21:55:34.972Z"}
{"level":"info","message":"Request /user/twitter/callback?oauth_token=RYZ3QgAAAAAA03rPAAABXHpBjYY&oauth_verifier=9ruO8Y3e4eyP7dyMROVxmHnoizu0WQdA - method: GET","timestamp":"2017-06-05T21:55:37.168Z"}
{"level":"info","message":"Request /user/profile - method: GET","timestamp":"2017-06-05T21:55:39.429Z"}
{"level":"info","message":"Request /api/shows - method: GET","timestamp":"2017-06-05T21:57:25.912Z"}
{"level":"info","message":"Request /user/twitter - method: GET","timestamp":"2017-06-05T21:57:31.328Z"}
{"level":"info","message":"Request /user/twitter/callback?oauth_token=V3lunwAAAAAA03rPAAABXHpDVPg&oauth_verifier=kFxuqretFHWHu84EYq9SLQK6mVBd5r4v - method: GET","timestamp":"2017-06-05T21:57:33.390Z"}
{"level":"info","message":"Request /user/profile - method: GET","timestamp":"2017-06-05T21:57:34.617Z"}
{"level":"info","message":"Request /user/profile - method: GET","timestamp":"2017-06-05T21:58:09.570Z"}
{"level":"info","message":"Request /api/shows - method: GET","timestamp":"2017-06-05T22:04:36.691Z"}
{"level":"info","message":"Request /api/show/2 - method: GET","timestamp":"2017-06-05T22:05:02.089Z"}
{"level":"info","message":"Request /api/show/2 - method: GET","timestamp":"2017-06-05T22:12:34.974Z"}
{"level":"info","message":"Request /api/shows - method: GET","timestamp":"2017-06-05T22:12:35.481Z"}
{"level":"info","message":"Request /api/shows - method: GET","timestamp":"2017-06-05T22:12:53.878Z"}
{"level":"info","message":"Request /api/show/2 - method: GET","timestamp":"2017-06-05T22:13:29.015Z"}
{"level":"info","message":"Request /api/shows - method: GET","timestamp":"2017-06-05T22:13:29.129Z"}
{"level":"info","message":"Request /api/show/2 - method: GET","timestamp":"2017-06-05T22:24:03.556Z"}
{"level":"info","message":"Request /api/shows - method: GET","timestamp":"2017-06-05T22:24:03.738Z"}
{"level":"info","message":"Request /api/show/2 - method: GET","timestamp":"2017-06-05T22:38:44.678Z"}
{"level":"info","message":"Request /api/shows - method: GET","timestamp":"2017-06-05T22:38:44.821Z"}
{"level":"info","message":"Request /api/shows - method: GET","timestamp":"2017-06-05T22:41:45.597Z"}
{"level":"info","message":"Request /api/show/show.id - method: GET","timestamp":"2017-06-05T22:43:04.365Z"}
{"level":"info","message":"Request /api/show/2 - method: GET","timestamp":"2017-06-05T22:43:07.454Z"}
{"level":"info","message":"Request /api/shows - method: GET","timestamp":"2017-06-05T22:43:16.237Z"}
{"level":"info","message":"Request /api/show/3 - method: GET","timestamp":"2017-06-05T22:43:18.143Z"}
{"level":"info","message":"Request /api/show/show.id - method: GET","timestamp":"2017-06-05T22:43:27.516Z"}
{"level":"info","message":"Request /api/show/show.id - method: GET","timestamp":"2017-06-05T22:43:38.148Z"}
{"level":"info","message":"Request /api/show/2 - method: GET","timestamp":"2017-06-05T22:43:49.956Z"}
{"level":"info","message":"Request /api/show/show.id - method: GET","timestamp":"2017-06-05T22:43:50.065Z"}
{"level":"info","message":"Request /api/show/3 - method: GET","timestamp":"2017-06-05T22:43:50.160Z"}
{"level":"info","message":"Request /api/show/3 - method: GET","timestamp":"2017-06-05T22:43:53.265Z"}
{"level":"info","message":"Request /api/show/show.id - method: GET","timestamp":"2017-06-05T22:44:13.458Z"}
{"level":"info","message":"Request /api/show/3 - method: GET","timestamp":"2017-06-05T22:44:26.313Z"}
{"level":"info","message":"Request /api/show/show.id - method: GET","timestamp":"2017-06-05T22:44:46.428Z"}
{"level":"info","message":"Request /api/show/3 - method: GET","timestamp":"2017-06-05T22:45:19.488Z"}
{"level":"info","message":"Request /api/show/show.id - method: GET","timestamp":"2017-06-05T22:45:19.710Z"}
{"level":"info","message":"Request /api/show/3 - method: GET","timestamp":"2017-06-05T22:46:56.880Z"}
{"level":"info","message":"Request /api/show/undefined - method: GET","timestamp":"2017-06-05T22:46:57.011Z"}
{"level":"info","message":"Request /api/show/3 - method: GET","timestamp":"2017-06-05T22:47:20.506Z"}
{"level":"info","message":"Request /api/show/undefined - method: GET","timestamp":"2017-06-05T22:47:20.699Z"}
{"level":"info","message":"Request /api/show/3 - method: GET","timestamp":"2017-06-05T22:48:22.867Z"}
{"level":"info","message":"Request /api/show/undefined - method: GET","timestamp":"2017-06-05T22:48:23.025Z"}
{"level":"info","message":"Request /api/show/3 - method: GET","timestamp":"2017-06-05T22:49:05.873Z"}
{"level":"info","message":"Request /api/show/3 - method: GET","timestamp":"2017-06-05T22:49:05.993Z"}
{"level":"info","message":"Request /api/show/3 - method: GET","timestamp":"2017-06-05T22:49:11.223Z"}
{"level":"info","message":"Request /api/show/3 - method: GET","timestamp":"2017-06-05T22:49:11.480Z"}
{"level":"info","message":"Request /api/show/3 - method: GET","timestamp":"2017-06-05T22:49:55.484Z"}
{"level":"info","message":"Request /api/show/3 - method: GET","timestamp":"2017-06-05T22:49:55.754Z"}
{"level":"info","message":"Request /api/show/3 - method: GET","timestamp":"2017-06-05T22:50:44.959Z"}
{"level":"info","message":"Request /api/show/3 - method: GET","timestamp":"2017-06-05T22:50:45.110Z"}
{"level":"info","message":"Request /api/show/2 - method: GET","timestamp":"2017-06-05T22:52:26.307Z"}
{"level":"info","message":"Request /api/show/2 - method: GET","timestamp":"2017-06-05T22:52:26.430Z"}
{"level":"info","message":"Request /api/show/3 - method: GET","timestamp":"2017-06-05T22:52:26.443Z"}
{"level":"info","message":"Request /api/show/3 - method: GET","timestamp":"2017-06-05T22:52:26.600Z"}
{"level":"info","message":"Request /api/show/3 - method: GET","timestamp":"2017-06-05T22:52:39.223Z"}
{"level":"info","message":"Request /api/show/3 - method: GET","timestamp":"2017-06-05T22:52:39.336Z"}
{"level":"info","message":"Request /api/show/3 - method: GET","timestamp":"2017-06-05T22:53:24.454Z"}
{"level":"info","message":"Request /api/show/3 - method: GET","timestamp":"2017-06-05T22:53:24.515Z"}
{"level":"info","message":"Request /api/show/2 - method: GET","timestamp":"2017-06-05T22:53:24.678Z"}
{"level":"info","message":"Request /api/show/2 - method: GET","timestamp":"2017-06-05T22:53:24.773Z"}
{"level":"info","message":"Request /api/show/3 - method: GET","timestamp":"2017-06-05T22:53:25.008Z"}
{"level":"info","message":"Request /api/show/3 - method: GET","timestamp":"2017-06-05T22:53:25.179Z"}
{"level":"info","message":"Request /api/show/3 - method: GET","timestamp":"2017-06-05T22:53:56.525Z"}
{"level":"info","message":"Request /api/show/3 - method: GET","timestamp":"2017-06-05T22:53:56.741Z"}
{"level":"info","message":"Request /api/shows - method: GET","timestamp":"2017-06-06T19:41:04.019Z"}
{"level":"info","message":"Request /api/show/1 - method: GET","timestamp":"2017-06-06T19:42:39.014Z"}
{"level":"info","message":"Request /api/show/1 - method: GET","timestamp":"2017-06-06T19:42:39.093Z"}
{"level":"info","message":"Request /api/show/1 - method: GET","timestamp":"2017-06-06T19:53:04.940Z"}
{"level":"info","message":"Request /api/show/1 - method: GET","timestamp":"2017-06-06T19:53:40.641Z"}
{"level":"info","message":"Request /api/show/1 - method: GET","timestamp":"2017-06-06T19:53:40.809Z"}
{"level":"info","message":"Request /api/show/1 - method: GET","timestamp":"2017-06-06T19:55:02.830Z"}
{"level":"info","message":"Request /api/show/1 - method: GET","timestamp":"2017-06-06T19:55:03.032Z"}
{"level":"info","message":"Request /api/show/1 - method: GET","timestamp":"2017-06-06T19:56:06.468Z"}
{"level":"info","message":"Request /api/show/1 - method: GET","timestamp":"2017-06-06T19:56:06.588Z"}
{"level":"info","message":"Request /api/show/1 - method: GET","timestamp":"2017-06-06T19:57:13.345Z"}
{"level":"info","message":"Request /api/show/1 - method: GET","timestamp":"2017-06-06T19:57:13.489Z"}
{"level":"info","message":"Request /api/show/1 - method: GET","timestamp":"2017-06-06T19:57:21.356Z"}
{"level":"info","message":"Request /api/show/1 - method: GET","timestamp":"2017-06-06T19:57:21.537Z"}
{"level":"info","message":"Request /api/show/1 - method: GET","timestamp":"2017-06-06T19:59:29.114Z"}
{"level":"info","message":"Request /api/show/1 - method: GET","timestamp":"2017-06-06T19:59:29.316Z"}
{"level":"info","message":"Request /api/shows - method: GET","timestamp":"2017-06-06T20:02:03.708Z"}
{"level":"info","message":"Request /api/shows - method: GET","timestamp":"2017-06-06T20:02:22.267Z"}
{"level":"info","message":"Request /api/shows - method: GET","timestamp":"2017-06-06T20:02:25.051Z"}
{"level":"info","message":"Request /api/show/1 - method: GET","timestamp":"2017-06-06T20:02:28.170Z"}
{"level":"info","message":"Request /api/show/1 - method: GET","timestamp":"2017-06-06T20:02:28.206Z"}
{"level":"info","message":"Request /api/show/1 - method: GET","timestamp":"2017-06-06T20:02:40.682Z"}
{"level":"info","message":"Request /api/show/1 - method: GET","timestamp":"2017-06-06T20:02:45.798Z"}
{"level":"info","message":"Request /api/shows - method: GET","timestamp":"2017-06-06T20:03:48.551Z"}
{"level":"info","message":"Request /api/shows - method: GET","timestamp":"2017-06-06T20:03:57.263Z"}
{"level":"info","message":"Request /api/show/1 - method: GET","timestamp":"2017-06-06T20:03:58.574Z"}
{"level":"info","message":"Request /api/show/1 - method: GET","timestamp":"2017-06-06T20:04:01.824Z"}
{"level":"info","message":"Request /api/show/1 - method: GET","timestamp":"2017-06-06T20:04:21.298Z"}
{"level":"info","message":"Request /api/show/1 - method: GET","timestamp":"2017-06-06T20:04:21.350Z"}
{"level":"info","message":"Request /api/show/1 - method: GET","timestamp":"2017-06-06T20:05:57.319Z"}
{"level":"info","message":"Request /api/show/1 - method: GET","timestamp":"2017-06-06T20:05:57.471Z"}
{"level":"info","message":"Request /api/show/1 - method: GET","timestamp":"2017-06-06T20:07:09.624Z"}
{"level":"info","message":"Request /api/show/1 - method: GET","timestamp":"2017-06-06T20:07:09.805Z"}
{"level":"info","message":"Request /api/show/1 - method: GET","timestamp":"2017-06-06T20:07:25.185Z"}
{"level":"info","message":"Request /api/show/1 - method: GET","timestamp":"2017-06-06T20:07:25.359Z"}
{"level":"info","message":"Request /api/show/1 - method: GET","timestamp":"2017-06-06T20:08:52.072Z"}
{"level":"info","message":"Request /api/show/1 - method: GET","timestamp":"2017-06-06T20:08:52.270Z"}
{"level":"info","message":"Request /api/show/1 - method: GET","timestamp":"2017-06-06T20:09:17.943Z"}
{"level":"info","message":"Request /api/show/1 - method: GET","timestamp":"2017-06-06T20:09:18.048Z"}
{"level":"info","message":"Request /api/show/1 - method: GET","timestamp":"2017-06-06T20:09:18.971Z"}
{"level":"info","message":"Request /api/show/1 - method: GET","timestamp":"2017-06-06T20:09:19.099Z"}
{"level":"info","message":"Request /api/shows - method: GET","timestamp":"2017-06-06T20:10:00.870Z"}
{"level":"info","message":"Request /api/show/1 - method: GET","timestamp":"2017-06-06T20:10:07.367Z"}
{"level":"info","message":"Request /api/show/1 - method: GET","timestamp":"2017-06-06T20:10:07.516Z"}
{"level":"info","message":"Request /api/shows - method: GET","timestamp":"2017-06-06T20:10:11.153Z"}
{"level":"info","message":"Request /api/shows - method: GET","timestamp":"2017-06-06T20:10:14.812Z"}
{"level":"info","message":"Request /api/shows - method: GET","timestamp":"2017-06-06T20:10:17.934Z"}
{"level":"info","message":"Request /api/show/1 - method: GET","timestamp":"2017-06-06T20:10:31.522Z"}
{"level":"info","message":"Request /api/show/1 - method: GET","timestamp":"2017-06-06T20:10:35.729Z"}
{"level":"info","message":"Request /api/show/1 - method: GET","timestamp":"2017-06-06T20:11:01.571Z"}
{"level":"info","message":"Request /api/show/1 - method: GET","timestamp":"2017-06-06T20:11:03.475Z"}
{"level":"info","message":"Request /api/shows - method: GET","timestamp":"2017-06-06T20:11:58.036Z"}
{"level":"info","message":"Request /api/shows - method: GET","timestamp":"2017-06-06T20:12:03.425Z"}
{"level":"info","message":"Request /api/show/1 - method: GET","timestamp":"2017-06-06T20:12:14.437Z"}
{"level":"info","message":"Request /api/show/1 - method: GET","timestamp":"2017-06-06T20:12:16.076Z"}
{"level":"info","message":"Request /api/show/1 - method: GET","timestamp":"2017-06-06T20:12:22.153Z"}
{"level":"info","message":"Request /api/show/1 - method: GET","timestamp":"2017-06-06T20:12:26.332Z"}
{"level":"info","message":"Request /api/shows - method: GET","timestamp":"2017-06-06T20:14:53.323Z"}
{"level":"info","message":"Request /api/shows - method: GET","timestamp":"2017-06-06T20:15:04.246Z"}
{"level":"info","message":"Request /api/show/1 - method: GET","timestamp":"2017-06-06T20:15:13.987Z"}
{"level":"info","message":"Request /api/show/1 - method: GET","timestamp":"2017-06-06T20:15:15.566Z"}
{"level":"info","message":"Request /api/show/1 - method: GET","timestamp":"2017-06-06T20:15:23.064Z"}
{"level":"info","message":"Request /api/show/1 - method: GET","timestamp":"2017-06-06T20:15:26.066Z"}
{"level":"info","message":"Request /api/show/1 - method: GET","timestamp":"2017-06-06T20:24:34.448Z"}
{"level":"info","message":"Request /api/show/1 - method: GET","timestamp":"2017-06-06T20:24:34.546Z"}
{"level":"info","message":"Request /api/show/1 - method: GET","timestamp":"2017-06-06T20:25:03.680Z"}
{"level":"info","message":"Request /api/show/1 - method: GET","timestamp":"2017-06-06T20:25:03.824Z"}
{"level":"info","message":"Request /favicon.ico - method: GET","timestamp":"2017-06-06T20:26:39.286Z"}
{"level":"info","message":"Request /api/shows - method: GET","timestamp":"2017-06-06T20:28:25.059Z"}
{"level":"info","message":"Request /api/shows - method: GET","timestamp":"2017-06-06T20:28:34.210Z"}
{"level":"info","message":"Request /api/shows - method: GET","timestamp":"2017-06-06T20:28:35.417Z"}
{"level":"info","message":"Request /api/shows - method: GET","timestamp":"2017-06-06T20:28:51.667Z"}
{"level":"info","message":"Request /api/shows - method: GET","timestamp":"2017-06-06T20:28:59.106Z"}
{"level":"info","message":"Request /api/show/1 - method: GET","timestamp":"2017-06-06T20:29:00.991Z"}
{"level":"info","message":"Request /api/show/1 - method: GET","timestamp":"2017-06-06T20:29:01.026Z"}
{"level":"info","message":"Request /api/show/1 - method: GET","timestamp":"2017-06-06T20:29:08.969Z"}
{"level":"info","message":"Request /api/show/1 - method: GET","timestamp":"2017-06-06T20:29:09.001Z"}
{"level":"info","message":"Request /show/1 - method: GET","timestamp":"2017-06-06T20:33:40.614Z"}
{"level":"info","message":"Request /api/shows - method: GET","timestamp":"2017-06-06T20:33:48.216Z"}
{"level":"info","message":"Request /api/shows - method: GET","timestamp":"2017-06-06T20:33:52.463Z"}
{"level":"info","message":"Request /api/show/1 - method: GET","timestamp":"2017-06-06T20:34:04.100Z"}
{"level":"info","message":"Request /api/show/1 - method: GET","timestamp":"2017-06-06T20:34:04.144Z"}
{"level":"info","message":"Request /api/show/1 - method: GET","timestamp":"2017-06-06T20:34:09.188Z"}
{"level":"info","message":"Request /api/show/1 - method: GET","timestamp":"2017-06-06T20:34:09.214Z"}
{"level":"info","message":"Request /show/1 - method: GET","timestamp":"2017-06-06T20:35:39.135Z"}
{"level":"info","message":"Request /api/shows - method: GET","timestamp":"2017-06-06T20:35:43.355Z"}
{"level":"info","message":"Request /api/shows - method: GET","timestamp":"2017-06-06T20:35:48.426Z"}
{"level":"info","message":"Request /api/show/1 - method: GET","timestamp":"2017-06-06T20:35:49.700Z"}
{"level":"info","message":"Request /api/show/1 - method: GET","timestamp":"2017-06-06T20:35:49.743Z"}
{"level":"info","message":"Request /api/show/1 - method: GET","timestamp":"2017-06-06T20:35:51.413Z"}
{"level":"info","message":"Request /api/show/1 - method: GET","timestamp":"2017-06-06T20:35:51.442Z"}
{"level":"info","message":"Request /show/1 - method: GET","timestamp":"2017-06-06T20:41:29.254Z"}
{"level":"info","message":"Request /api/shows - method: GET","timestamp":"2017-06-06T20:41:32.979Z"}
{"level":"info","message":"Request /api/shows - method: GET","timestamp":"2017-06-06T20:41:36.967Z"}
{"level":"info","message":"Request /api/show/1 - method: GET","timestamp":"2017-06-06T20:41:46.121Z"}
{"level":"info","message":"Request /api/show/1 - method: GET","timestamp":"2017-06-06T20:41:46.171Z"}
{"level":"info","message":"Request /api/show/1 - method: GET","timestamp":"2017-06-06T20:42:02.207Z"}
{"level":"info","message":"Request /api/show/1 - method: GET","timestamp":"2017-06-06T20:42:02.251Z"}
{"level":"info","message":"Request /api/shows - method: GET","timestamp":"2017-06-06T20:44:53.229Z"}
{"level":"info","message":"Request /api/shows - method: GET","timestamp":"2017-06-06T20:45:05.048Z"}
{"level":"info","message":"Request /api/show/1 - method: GET","timestamp":"2017-06-06T20:45:11.606Z"}
{"level":"info","message":"Request /api/show/1 - method: GET","timestamp":"2017-06-06T20:45:11.636Z"}
{"level":"info","message":"Request /api/show/1 - method: GET","timestamp":"2017-06-06T20:46:27.671Z"}
{"level":"info","message":"Request /api/show/1 - method: GET","timestamp":"2017-06-06T20:46:27.711Z"}
{"level":"info","message":"Request /api/shows - method: GET","timestamp":"2017-06-06T20:57:23.530Z"}
{"level":"info","message":"Request /api/shows - method: GET","timestamp":"2017-06-06T20:57:29.502Z"}
{"level":"info","message":"Request /api/shows - method: GET","timestamp":"2017-06-06T20:57:29.933Z"}
{"level":"info","message":"Request /api/show/1 - method: GET","timestamp":"2017-06-06T20:57:32.014Z"}
{"level":"info","message":"Request /api/show/1 - method: GET","timestamp":"2017-06-06T20:57:32.060Z"}
{"level":"info","message":"Request /api/show/1 - method: GET","timestamp":"2017-06-06T20:57:38.944Z"}
{"level":"info","message":"Request /api/show/1 - method: GET","timestamp":"2017-06-06T20:57:38.995Z"}
{"level":"info","message":"Request /api/shows - method: GET","timestamp":"2017-06-06T20:59:19.068Z"}
{"level":"info","message":"Request /api/shows - method: GET","timestamp":"2017-06-06T20:59:25.382Z"}
{"level":"info","message":"Request /api/show/1 - method: GET","timestamp":"2017-06-06T20:59:26.769Z"}
{"level":"info","message":"Request /api/show/1 - method: GET","timestamp":"2017-06-06T20:59:26.801Z"}
{"level":"info","message":"Request /api/show/1 - method: GET","timestamp":"2017-06-06T20:59:31.432Z"}
{"level":"info","message":"Request /api/show/1 - method: GET","timestamp":"2017-06-06T20:59:31.465Z"}
{"level":"info","message":"Request /api/shows - method: GET","timestamp":"2017-06-06T21:00:12.086Z"}
{"level":"info","message":"Request /api/shows - method: GET","timestamp":"2017-06-06T21:00:27.274Z"}
{"level":"info","message":"Request /api/show/1 - method: GET","timestamp":"2017-06-06T21:00:33.585Z"}
{"level":"info","message":"Request /api/show/1 - method: GET","timestamp":"2017-06-06T21:00:33.617Z"}
{"level":"info","message":"Request /api/show/1 - method: GET","timestamp":"2017-06-06T21:00:35.290Z"}
{"level":"info","message":"Request /api/show/1 - method: GET","timestamp":"2017-06-06T21:00:35.318Z"}
{"level":"info","message":"Request /api/show/1 - method: GET","timestamp":"2017-06-06T21:01:25.231Z"}
{"level":"info","message":"Request /api/show/1 - method: GET","timestamp":"2017-06-06T21:01:25.340Z"}
{"level":"info","message":"Request /api/show/1 - method: GET","timestamp":"2017-06-06T21:01:25.408Z"}
{"level":"info","message":"Request /api/show/1 - method: GET","timestamp":"2017-06-06T21:01:25.538Z"}
{"level":"info","message":"Request /api/show/1 - method: GET","timestamp":"2017-06-06T21:02:45.964Z"}
{"level":"info","message":"Request /api/show/1 - method: GET","timestamp":"2017-06-06T21:02:46.033Z"}
{"level":"info","message":"Request /api/show/1 - method: GET","timestamp":"2017-06-06T21:02:46.164Z"}
{"level":"info","message":"Request /api/show/1 - method: GET","timestamp":"2017-06-06T21:02:46.220Z"}
{"level":"info","message":"Request /api/show/1 - method: GET","timestamp":"2017-06-06T21:03:11.999Z"}
{"level":"info","message":"Request /api/show/1 - method: GET","timestamp":"2017-06-06T21:03:12.263Z"}
{"level":"info","message":"Request /api/show/1 - method: GET","timestamp":"2017-06-06T21:03:14.925Z"}
{"level":"info","message":"Request /api/show/1 - method: GET","timestamp":"2017-06-06T21:03:15.100Z"}
{"level":"info","message":"Request /api/shows - method: GET","timestamp":"2017-06-06T21:04:07.279Z"}
{"level":"info","message":"Request /api/show/2 - method: GET","timestamp":"2017-06-06T21:04:08.060Z"}
{"level":"info","message":"Request /api/show/1 - method: GET","timestamp":"2017-06-06T21:04:08.064Z"}
{"level":"info","message":"Request /api/shows - method: GET","timestamp":"2017-06-06T21:04:21.995Z"}
{"level":"info","message":"Request /api/show/2 - method: GET","timestamp":"2017-06-06T21:04:22.729Z"}
{"level":"info","message":"Request /api/show/1 - method: GET","timestamp":"2017-06-06T21:04:22.731Z"}
{"level":"info","message":"Request /api/shows - method: GET","timestamp":"2017-06-06T21:04:26.132Z"}
{"level":"info","message":"Request /api/show/3 - method: GET","timestamp":"2017-06-06T21:04:27.836Z"}
{"level":"info","message":"Request /api/show/1 - method: GET","timestamp":"2017-06-06T21:04:27.845Z"}
{"level":"info","message":"Request /api/shows - method: GET","timestamp":"2017-06-06T21:04:45.214Z"}
{"level":"info","message":"Request /api/show/2 - method: GET","timestamp":"2017-06-06T21:04:46.769Z"}
{"level":"info","message":"Request /api/show/2 - method: GET","timestamp":"2017-06-06T21:04:46.803Z"}
{"level":"info","message":"Request /api/show/2 - method: GET","timestamp":"2017-06-06T21:06:51.408Z"}
{"level":"info","message":"Request /api/show/2 - method: GET","timestamp":"2017-06-06T21:06:51.584Z"}
{"level":"info","message":"Request /api/show/1 - method: GET","timestamp":"2017-06-06T21:07:00.225Z"}
{"level":"info","message":"Request /api/show/1 - method: GET","timestamp":"2017-06-06T21:07:00.466Z"}
{"level":"info","message":"Request /api/shows - method: GET","timestamp":"2017-06-06T21:07:41.926Z"}
{"level":"info","message":"Request /api/show/2 - method: GET","timestamp":"2017-06-06T21:07:43.754Z"}
{"level":"info","message":"Request /api/show/2 - method: GET","timestamp":"2017-06-06T21:07:43.784Z"}
{"level":"info","message":"Request /api/shows - method: GET","timestamp":"2017-06-06T21:07:52.421Z"}
{"level":"info","message":"Request /api/show/1 - method: GET","timestamp":"2017-06-06T21:07:53.568Z"}
{"level":"info","message":"Request /api/show/1 - method: GET","timestamp":"2017-06-06T21:07:53.593Z"}
{"level":"info","message":"Request /api/shows - method: GET","timestamp":"2017-06-06T21:08:41.627Z"}
{"level":"info","message":"Request /api/show/1 - method: GET","timestamp":"2017-06-06T21:08:42.753Z"}
{"level":"info","message":"Request /api/show/1 - method: GET","timestamp":"2017-06-06T21:08:42.779Z"}
{"level":"info","message":"Request /api/shows - method: GET","timestamp":"2017-06-06T21:10:32.587Z"}
{"level":"info","message":"Request /api/shows - method: GET","timestamp":"2017-06-06T21:10:37.310Z"}
{"level":"info","message":"Request /api/show/2 - method: GET","timestamp":"2017-06-06T21:10:45.662Z"}
{"level":"info","message":"Request /api/show/2 - method: GET","timestamp":"2017-06-06T21:10:45.734Z"}
{"level":"info","message":"Request /api/show/1 - method: GET","timestamp":"2017-06-06T21:10:48.464Z"}
{"level":"info","message":"Request /api/show/1 - method: GET","timestamp":"2017-06-06T21:10:48.494Z"}
{"level":"info","message":"Request /api/shows - method: GET","timestamp":"2017-06-08T19:34:18.166Z"}
{"level":"info","message":"Request /api/shows - method: GET","timestamp":"2017-06-08T19:34:28.420Z"}
{"level":"info","message":"Request /api/show/1 - method: GET","timestamp":"2017-06-08T19:34:34.930Z"}
{"level":"info","message":"Request /api/show/1 - method: GET","timestamp":"2017-06-08T19:34:34.975Z"}
{"level":"info","message":"Request /api/show/1 - method: GET","timestamp":"2017-06-08T19:34:48.351Z"}
{"level":"info","message":"Request /api/show/1 - method: GET","timestamp":"2017-06-08T19:34:48.382Z"}
{"level":"info","message":"Request /api/show/1 - method: GET","timestamp":"2017-06-08T19:36:22.294Z"}
{"level":"info","message":"Request /api/show/1 - method: GET","timestamp":"2017-06-08T19:36:22.459Z"}
{"level":"info","message":"Request /api/show/1 - method: GET","timestamp":"2017-06-08T19:36:27.183Z"}
{"level":"info","message":"Request /api/show/1 - method: GET","timestamp":"2017-06-08T19:36:27.332Z"}
{"level":"info","message":"Request /api/show/1 - method: GET","timestamp":"2017-06-08T19:41:43.932Z"}
{"level":"info","message":"Request /api/show/1 - method: GET","timestamp":"2017-06-08T19:42:24.358Z"}
{"level":"info","message":"Request /api/show/1 - method: GET","timestamp":"2017-06-08T19:42:24.553Z"}
{"level":"info","message":"Request /api/show/1 - method: GET","timestamp":"2017-06-08T19:42:26.626Z"}
{"level":"info","message":"Request /api/show/1 - method: GET","timestamp":"2017-06-08T19:42:26.834Z"}
{"level":"info","message":"Request /api/shows - method: GET","timestamp":"2017-06-08T19:44:01.539Z"}
{"level":"info","message":"Request /api/shows - method: GET","timestamp":"2017-06-08T19:44:16.586Z"}
{"level":"info","message":"Request /api/show/1 - method: GET","timestamp":"2017-06-08T19:44:27.802Z"}
{"level":"info","message":"Request /api/show/1 - method: GET","timestamp":"2017-06-08T19:44:27.848Z"}
{"level":"info","message":"Request /api/show/1 - method: GET","timestamp":"2017-06-08T19:44:40.943Z"}
{"level":"info","message":"Request /api/show/1 - method: GET","timestamp":"2017-06-08T19:44:40.973Z"}
{"level":"info","message":"Request /api/show/1 - method: GET","timestamp":"2017-06-08T19:46:17.557Z"}
{"level":"info","message":"Request /api/show/1 - method: GET","timestamp":"2017-06-08T19:46:17.729Z"}
{"level":"info","message":"Request /api/show/1 - method: GET","timestamp":"2017-06-08T19:46:29.051Z"}
{"level":"info","message":"Request /api/show/1 - method: GET","timestamp":"2017-06-08T19:46:29.242Z"}
{"level":"info","message":"Request /api/show/1 - method: GET","timestamp":"2017-06-08T19:55:01.372Z"}
{"level":"info","message":"Request /api/show/1 - method: GET","timestamp":"2017-06-08T19:55:01.545Z"}
{"level":"info","message":"Request /api/show/1 - method: GET","timestamp":"2017-06-08T19:55:03.203Z"}
{"level":"info","message":"Request /api/show/1 - method: GET","timestamp":"2017-06-08T19:55:03.323Z"}
{"level":"info","message":"Request /api/shows - method: GET","timestamp":"2017-06-08T19:55:22.850Z"}
{"level":"info","message":"Request /api/show/2 - method: GET","timestamp":"2017-06-08T19:55:23.883Z"}
{"level":"info","message":"Request /api/show/1 - method: GET","timestamp":"2017-06-08T19:55:23.885Z"}
{"level":"info","message":"Request /api/shows - method: GET","timestamp":"2017-06-08T19:55:36.472Z"}
{"level":"info","message":"Request /api/show/4 - method: GET","timestamp":"2017-06-08T19:55:37.932Z"}
{"level":"info","message":"Request /api/show/1 - method: GET","timestamp":"2017-06-08T19:55:37.943Z"}
{"level":"info","message":"Request /api/show/4 - method: GET","timestamp":"2017-06-08T19:55:40.760Z"}
{"level":"info","message":"Request /api/show/4 - method: GET","timestamp":"2017-06-08T19:55:40.884Z"}
{"level":"info","message":"Request /api/shows - method: GET","timestamp":"2017-06-08T19:56:07.034Z"}
{"level":"info","message":"Request /api/show/6 - method: GET","timestamp":"2017-06-08T19:56:09.799Z"}
{"level":"info","message":"Request /api/show/4 - method: GET","timestamp":"2017-06-08T19:56:09.807Z"}
{"level":"info","message":"Request /api/shows - method: GET","timestamp":"2017-06-08T19:56:22.102Z"}
{"level":"info","message":"Request /api/show/8 - method: GET","timestamp":"2017-06-08T19:56:27.445Z"}
{"level":"info","message":"Request /api/show/4 - method: GET","timestamp":"2017-06-08T19:56:27.453Z"}
{"level":"info","message":"Request /api/shows - method: GET","timestamp":"2017-06-08T19:56:52.425Z"}
{"level":"info","message":"Request /api/show/8 - method: GET","timestamp":"2017-06-08T19:56:54.987Z"}
{"level":"info","message":"Request /api/show/4 - method: GET","timestamp":"2017-06-08T19:56:54.994Z"}
{"level":"info","message":"Request /api/show/8 - method: GET","timestamp":"2017-06-08T19:57:04.160Z"}
{"level":"info","message":"Request /api/show/8 - method: GET","timestamp":"2017-06-08T19:57:04.270Z"}
{"level":"info","message":"Request /api/shows - method: GET","timestamp":"2017-06-08T19:57:06.338Z"}
{"level":"info","message":"Request /api/show/7 - method: GET","timestamp":"2017-06-08T19:57:08.078Z"}
{"level":"info","message":"Request /api/show/8 - method: GET","timestamp":"2017-06-08T19:57:08.081Z"}
{"level":"info","message":"Request /api/shows - method: GET","timestamp":"2017-06-08T19:57:16.006Z"}
{"level":"info","message":"Request /api/show/8 - method: GET","timestamp":"2017-06-08T20:00:48.008Z"}
{"level":"info","message":"Request /api/show/4 - method: GET","timestamp":"2017-06-08T20:00:48.014Z"}
{"level":"info","message":"Request /api/show/1 - method: GET","timestamp":"2017-06-08T20:00:48.022Z"}
{"level":"info","message":"Request /api/show/1 - method: GET","timestamp":"2017-06-08T20:00:48.076Z"}
{"level":"info","message":"Request /api/show/8 - method: GET","timestamp":"2017-06-08T20:00:49.241Z"}
{"level":"info","message":"Request /api/show/8 - method: GET","timestamp":"2017-06-08T20:00:49.351Z"}
{"level":"info","message":"Request /api/shows - method: GET","timestamp":"2017-06-08T20:01:01.925Z"}
{"level":"info","message":"Request /api/show/1 - method: GET","timestamp":"2017-06-08T20:01:02.923Z"}
{"level":"info","message":"Request /api/show/8 - method: GET","timestamp":"2017-06-08T20:01:02.934Z"}
{"level":"info","message":"Request /api/show/1 - method: GET","timestamp":"2017-06-08T20:12:56.210Z"}
{"level":"info","message":"Request /api/show/1 - method: GET","timestamp":"2017-06-08T20:13:11.139Z"}
{"level":"info","message":"Request /api/show/1 - method: GET","timestamp":"2017-06-08T20:15:25.536Z"}
{"level":"info","message":"Request /api/show/1 - method: GET","timestamp":"2017-06-08T20:18:12.876Z"}
{"level":"info","message":"Request /api/show/1 - method: GET","timestamp":"2017-06-08T20:20:06.768Z"}
{"level":"info","message":"Request /api/show/1 - method: GET","timestamp":"2017-06-08T20:23:27.049Z"}
{"level":"info","message":"Request /api/show/1 - method: GET","timestamp":"2017-06-08T20:26:11.450Z"}
{"level":"info","message":"Request /api/show/1 - method: GET","timestamp":"2017-06-08T20:26:38.715Z"}
{"level":"info","message":"Request /api/show/1 - method: GET","timestamp":"2017-06-08T20:29:21.523Z"}
{"level":"info","message":"Request /api/show/1 - method: GET","timestamp":"2017-06-08T20:30:23.895Z"}
{"level":"info","message":"Request /api/show/1 - method: GET","timestamp":"2017-06-08T20:30:57.291Z"}
{"level":"info","message":"Request /api/show/1 - method: GET","timestamp":"2017-06-08T20:31:57.824Z"}
{"level":"info","message":"Request /api/show/1 - method: GET","timestamp":"2017-06-08T20:32:58.634Z"}
{"level":"info","message":"Request /api/show/1 - method: GET","timestamp":"2017-06-08T20:33:17.729Z"}
{"level":"info","message":"Request /api/show/1 - method: GET","timestamp":"2017-06-08T20:34:46.445Z"}
{"level":"info","message":"Request /api/show/1 - method: GET","timestamp":"2017-06-08T20:38:15.407Z"}
{"level":"info","message":"Request /api/show/1 - method: GET","timestamp":"2017-06-08T20:39:45.088Z"}
{"level":"info","message":"Request /api/show/1 - method: GET","timestamp":"2017-06-08T20:47:11.518Z"}
{"level":"info","message":"Request /api/show/1 - method: GET","timestamp":"2017-06-08T20:49:46.870Z"}
{"level":"info","message":"Request /api/show/1 - method: GET","timestamp":"2017-06-08T20:51:27.497Z"}
{"level":"info","message":"Request /api/show/1 - method: GET","timestamp":"2017-06-08T21:08:34.603Z"}
{"level":"info","message":"Request /api/show/1 - method: GET","timestamp":"2017-06-08T21:11:00.971Z"}
{"level":"info","message":"Request /api/show/1 - method: GET","timestamp":"2017-06-08T21:12:45.560Z"}
{"level":"info","message":"Request /api/show/1 - method: GET","timestamp":"2017-06-08T21:13:20.987Z"}
{"level":"info","message":"Request /api/show/1 - method: GET","timestamp":"2017-06-08T21:17:23.402Z"}
{"level":"info","message":"Request /api/show/1 - method: GET","timestamp":"2017-06-08T21:17:26.002Z"}
{"level":"info","message":"Request /api/show/1 - method: GET","timestamp":"2017-06-08T21:20:32.349Z"}
{"level":"info","message":"Request /api/show/1 - method: GET","timestamp":"2017-06-08T21:20:36.665Z"}
{"level":"info","message":"Request /api/show/1 - method: GET","timestamp":"2017-06-08T21:25:26.067Z"}
{"level":"info","message":"Request /api/show/1 - method: GET","timestamp":"2017-06-08T21:25:26.080Z"}
{"level":"info","message":"Request /api/show/1 - method: GET","timestamp":"2017-06-08T21:25:32.454Z"}
{"level":"info","message":"Request /api/show/1 - method: GET","timestamp":"2017-06-08T21:25:36.926Z"}
{"level":"info","message":"Request /api/shows - method: GET","timestamp":"2017-06-08T21:29:06.733Z"}
{"level":"info","message":"Request /api/show/2 - method: GET","timestamp":"2017-06-08T21:29:09.056Z"}
{"level":"info","message":"Request /api/show/2 - method: GET","timestamp":"2017-06-08T21:30:42.260Z"}
{"level":"info","message":"Request /api/show/1 - method: GET","timestamp":"2017-06-08T21:30:44.351Z"}
{"level":"info","message":"Request /api/shows - method: GET","timestamp":"2017-06-08T22:11:14.529Z"}
{"level":"info","message":"Request /favicon.ico - method: GET","timestamp":"2017-06-08T22:11:14.760Z"}
{"level":"info","message":"Request /api/shows - method: GET","timestamp":"2017-06-09T20:56:32.244Z"}
{"level":"info","message":"Request /api/show/1 - method: GET","timestamp":"2017-06-09T20:56:35.391Z"}
{"level":"info","message":"Request /api/show/1 - method: GET","timestamp":"2017-06-09T20:56:39.039Z"}
{"level":"info","message":"Request /api/show/1 - method: GET","timestamp":"2017-06-09T20:57:17.667Z"}
{"level":"info","message":"Request /api/show/1 - method: GET","timestamp":"2017-06-09T20:58:05.769Z"}
{"level":"info","message":"Request /api/show/1 - method: GET","timestamp":"2017-06-09T20:59:26.490Z"}
{"level":"info","message":"Request /api/show/1 - method: GET","timestamp":"2017-06-09T20:59:26.562Z"}
{"level":"info","message":"Request /api/show/1 - method: GET","timestamp":"2017-06-09T20:59:27.529Z"}
{"level":"info","message":"Request /api/show/1 - method: GET","timestamp":"2017-06-09T20:59:55.513Z"}
{"level":"info","message":"Request /api/show/1 - method: GET","timestamp":"2017-06-09T21:00:27.445Z"}
{"level":"info","message":"Request /api/show/1 - method: GET","timestamp":"2017-06-09T21:01:21.676Z"}
{"level":"info","message":"Request /api/show/1 - method: GET","timestamp":"2017-06-09T21:01:27.279Z"}
{"level":"info","message":"Request /api/show/1 - method: GET","timestamp":"2017-06-09T21:07:04.757Z"}
{"level":"info","message":"Request /api/show/1 - method: GET","timestamp":"2017-06-09T21:07:06.256Z"}
{"level":"info","message":"Request /api/show/1 - method: GET","timestamp":"2017-06-09T21:07:25.721Z"}
{"level":"info","message":"Request /api/show/1 - method: GET","timestamp":"2017-06-09T21:08:15.463Z"}
{"level":"info","message":"Request /api/show/1 - method: GET","timestamp":"2017-06-09T21:10:15.131Z"}
{"level":"info","message":"Request /api/show/1 - method: GET","timestamp":"2017-06-09T21:10:17.539Z"}
{"level":"info","message":"Request /api/show/1 - method: GET","timestamp":"2017-06-09T21:10:57.622Z"}
{"level":"info","message":"Request /api/show/1 - method: GET","timestamp":"2017-06-09T21:11:16.242Z"}
{"level":"info","message":"Request /api/show/1 - method: GET","timestamp":"2017-06-09T21:11:22.907Z"}
{"level":"info","message":"Request /api/shows - method: GET","timestamp":"2017-06-09T21:11:52.604Z"}
{"level":"info","message":"Request /api/show/2 - method: GET","timestamp":"2017-06-09T21:12:01.582Z"}
{"level":"info","message":"Request /api/shows - method: GET","timestamp":"2017-06-09T21:13:58.143Z"}
{"level":"info","message":"Request /api/shows - method: GET","timestamp":"2017-06-09T21:14:15.043Z"}
{"level":"info","message":"Request /api/show/1 - method: GET","timestamp":"2017-06-09T21:14:23.403Z"}
{"level":"info","message":"Request /api/show/1 - method: GET","timestamp":"2017-06-09T21:14:28.931Z"}
{"level":"info","message":"Request /api/shows - method: GET","timestamp":"2017-06-09T21:14:56.251Z"}
{"level":"info","message":"Request /api/show/2 - method: GET","timestamp":"2017-06-09T21:15:12.816Z"}
{"level":"info","message":"Request /api/shows - method: GET","timestamp":"2017-06-09T21:19:00.538Z"}
{"level":"info","message":"Request /api/show/3 - method: GET","timestamp":"2017-06-09T21:19:01.595Z"}
{"level":"info","message":"Request /api/shows - method: GET","timestamp":"2017-06-09T21:19:34.433Z"}
{"level":"info","message":"Request /api/show/4 - method: GET","timestamp":"2017-06-09T21:20:22.650Z"}
{"level":"info","message":"Request /api/show/4 - method: GET","timestamp":"2017-06-09T21:25:49.454Z"}
{"level":"info","message":"Request /api/show/1 - method: GET","timestamp":"2017-06-09T21:25:53.621Z"}
{"level":"info","message":"Request /api/shows - method: GET","timestamp":"2017-06-09T21:26:03.163Z"}
{"level":"info","message":"Request /api/show/3 - method: GET","timestamp":"2017-06-09T21:26:05.430Z"}
{"level":"info","message":"Request /api/show/3 - method: GET","timestamp":"2017-06-09T21:26:35.077Z"}
{"level":"info","message":"Request /api/show/4 - method: GET","timestamp":"2017-06-09T21:26:35.170Z"}
{"level":"info","message":"Request /api/show/3 - method: GET","timestamp":"2017-06-09T21:26:39.304Z"}
{"level":"info","message":"Request /api/show/4 - method: GET","timestamp":"2017-06-09T21:26:41.152Z"}
{"level":"info","message":"Request /api/shows - method: GET","timestamp":"2017-06-09T21:26:50.749Z"}
{"level":"info","message":"Request /api/show/4 - method: GET","timestamp":"2017-06-09T21:26:57.215Z"}
{"level":"info","message":"Request /api/shows - method: GET","timestamp":"2017-06-09T21:27:15.911Z"}
{"level":"info","message":"Request /api/show/4 - method: GET","timestamp":"2017-06-09T21:27:16.970Z"}
{"level":"info","message":"Request /api/show/4 - method: GET","timestamp":"2017-06-09T21:33:56.203Z"}
{"level":"info","message":"Request /api/show/4 - method: GET","timestamp":"2017-06-09T21:33:56.484Z"}
{"level":"info","message":"Request /api/shows - method: GET","timestamp":"2017-06-09T21:34:00.885Z"}
{"level":"info","message":"Request /api/show/5 - method: GET","timestamp":"2017-06-09T21:34:02.617Z"}
{"level":"info","message":"Request /api/shows - method: GET","timestamp":"2017-06-09T21:34:04.272Z"}
{"level":"info","message":"Request /api/show/10 - method: GET","timestamp":"2017-06-09T21:34:08.118Z"}
{"level":"info","message":"Request /api/shows - method: GET","timestamp":"2017-06-09T21:34:22.793Z"}
{"level":"info","message":"Request /api/show/1 - method: GET","timestamp":"2017-06-09T21:34:24.073Z"}
{"level":"info","message":"Request /api/shows - method: GET","timestamp":"2017-06-09T22:07:35.429Z"}
{"level":"info","message":"Request /api/show/3 - method: GET","timestamp":"2017-06-09T22:07:39.604Z"}
{"level":"info","message":"Request /api/show/3 - method: GET","timestamp":"2017-06-09T22:17:41.683Z"}
{"level":"info","message":"Request /api/show/3 - method: GET","timestamp":"2017-06-09T22:18:36.434Z"}
{"level":"info","message":"Request /api/show/3 - method: GET","timestamp":"2017-06-09T22:21:13.439Z"}
{"level":"info","message":"Request /api/show/4 - method: GET","timestamp":"2017-06-09T22:21:13.471Z"}
{"level":"info","message":"Request /ping - method: GET","timestamp":"2017-06-09T22:33:53.762Z"}
{"level":"info","message":"Request /show/votes/1 - method: GET","timestamp":"2017-06-09T22:35:50.101Z"}
{"level":"info","message":"Request /show/votes/1 - method: PUT","timestamp":"2017-06-09T22:36:00.596Z"}
{"level":"info","message":"Request /api/show/votes/1 - method: PUT","timestamp":"2017-06-09T22:36:15.551Z"}
{"level":"info","message":"Request /api/shows/votes/1 - method: PUT","timestamp":"2017-06-09T22:36:36.601Z"}
{"level":"info","message":"Request /api/shows/votes/1 - method: PUT","timestamp":"2017-06-09T22:37:53.294Z"}
{"level":"info","message":"Request /api/shows/votes/1 - method: PUT","timestamp":"2017-06-09T22:42:55.689Z"}
{"level":"info","message":"Request /api/shows/votes/1 - method: PUT","timestamp":"2017-06-11T10:32:46.193Z"}
{"level":"info","message":"Request /api/shows/votes/1 - method: PUT","timestamp":"2017-06-11T10:39:12.618Z"}
{"level":"info","message":"Request /api/shows/votes/1 - method: PUT","timestamp":"2017-06-11T10:39:59.681Z"}
{"level":"info","message":"Request /api/shows/votes/2 - method: PUT","timestamp":"2017-06-11T10:40:31.094Z"}
{"level":"info","message":"Request /api/shows/votes/2 - method: PUT","timestamp":"2017-06-11T10:40:34.148Z"}
{"level":"info","message":"Request /api/shows/votes/2 - method: PATCH","timestamp":"2017-06-11T10:44:48.765Z"}
{"level":"info","message":"Request /api/shows/votes/2 - method: PATCH","timestamp":"2017-06-11T10:44:52.246Z"}
{"level":"info","message":"Request /api/shows/votes/2 - method: PATCH","timestamp":"2017-06-11T10:44:53.164Z"}
{"level":"info","message":"Request /api/shows - method: GET","timestamp":"2017-06-11T10:45:59.642Z"}
{"level":"info","message":"Request /api/search - method: GET","timestamp":"2017-06-11T10:46:12.048Z"}
{"level":"info","message":"Request /api/search?q=Dracula - method: GET","timestamp":"2017-06-11T10:46:39.226Z"}
{"level":"info","message":"Request /api/shows/votes/2 - method: PATCH","timestamp":"2017-06-11T10:52:29.790Z"}
{"level":"info","message":"Request /api/shows/votes/2 - method: PATCH","timestamp":"2017-06-11T10:59:02.922Z"}
{"level":"info","message":"Request /api/shows/votes/2 - method: PATCH","timestamp":"2017-06-11T11:00:16.768Z"}
{"level":"info","message":"Request /api/shows/votes/1 - method: PATCH","timestamp":"2017-06-11T11:00:19.912Z"}
{"level":"info","message":"Request /api/shows/votes/1 - method: PATCH","timestamp":"2017-06-11T11:00:20.004Z"}
{"level":"info","message":"Request /api/shows/votes/2 - method: PATCH","timestamp":"2017-06-11T11:00:30.393Z"}
{"level":"info","message":"Request /api/shows/votes/2 - method: PATCH","timestamp":"2017-06-11T11:00:30.502Z"}
{"level":"info","message":"Request /api/shows/votes/1 - method: PATCH","timestamp":"2017-06-11T11:00:33.613Z"}
{"level":"info","message":"Request /api/shows/votes/1 - method: PATCH","timestamp":"2017-06-11T11:00:33.615Z"}
{"level":"info","message":"Request /api/shows/votes/1 - method: PATCH","timestamp":"2017-06-11T11:24:30.260Z"}
{"level":"info","message":"Request /api/shows/votes/1 - method: PATCH","timestamp":"2017-06-11T11:24:30.269Z"}
{"level":"info","message":"Request /api/shows/votes/1 - method: PATCH","timestamp":"2017-06-11T11:46:35.290Z"}
{"level":"info","message":"Request /api/shows/votes/1 - method: PATCH","timestamp":"2017-06-11T11:46:35.296Z"}
{"level":"info","message":"Request /api/shows/votes/1 - method: PATCH","timestamp":"2017-06-11T11:46:36.537Z"}
{"level":"info","message":"Request /api/shows/votes/1 - method: PATCH","timestamp":"2017-06-11T11:46:36.544Z"}
{"level":"info","message":"Request /api/shows/votes/1 - method: PATCH","timestamp":"2017-06-11T11:47:00.635Z"}
{"level":"info","message":"Request /api/shows/votes/1 - method: PATCH","timestamp":"2017-06-11T11:49:55.857Z"}
{"level":"info","message":"Request /api/shows - method: GET","timestamp":"2017-06-11T11:53:12.846Z"}
{"level":"info","message":"Request /api/shows - method: GET","timestamp":"2017-06-11T11:53:25.621Z"}
{"level":"info","message":"Request /api/search?q=Dracula - method: GET","timestamp":"2017-06-11T11:53:28.228Z"}
{"level":"info","message":"Request /api/shows/votes/1 - method: PATCH","timestamp":"2017-06-11T11:54:59.633Z"}
{"level":"info","message":"Request /api/shows/votes/1 - method: PATCH","timestamp":"2017-06-11T11:54:59.639Z"}
{"level":"info","message":"Request /api/shows/votes/1 - method: PATCH","timestamp":"2017-06-11T11:55:57.634Z"}
{"level":"info","message":"Request /api/shows/votes/1 - method: PATCH","timestamp":"2017-06-11T11:55:57.639Z"}
{"level":"info","message":"Request /api/shows/votes/1 - method: PATCH","timestamp":"2017-06-11T11:56:22.548Z"}
{"level":"info","message":"Request /api/shows/votes/1 - method: PATCH","timestamp":"2017-06-11T11:56:22.549Z"}
{"level":"info","message":"Request /api/shows/votes/1 - method: PATCH","timestamp":"2017-06-11T11:57:32.163Z"}
{"level":"info","message":"Request /api/shows/votes/1 - method: PATCH","timestamp":"2017-06-11T11:57:32.172Z"}
{"level":"info","message":"Request /api/shows/votes/1 - method: PATCH","timestamp":"2017-06-11T12:01:18.840Z"}
{"level":"info","message":"Request /api/shows/votes/1 - method: PATCH","timestamp":"2017-06-11T12:01:18.853Z"}
{"level":"info","message":"Request /api/shows/votes/1 - method: PATCH","timestamp":"2017-06-11T12:01:47.359Z"}
{"level":"info","message":"Request /api/shows/votes/1 - method: PATCH","timestamp":"2017-06-11T12:01:47.364Z"}
{"level":"info","message":"Request /api/shows/votes/1 - method: PATCH","timestamp":"2017-06-11T12:02:48.797Z"}
{"level":"info","message":"Request /api/shows/votes/1 - method: PATCH","timestamp":"2017-06-11T12:02:59.915Z"}
{"level":"info","message":"Request /api/shows/votes/1 - method: PATCH","timestamp":"2017-06-11T12:04:33.916Z"}
{"level":"info","message":"Request /api/shows/votes/1 - method: PATCH","timestamp":"2017-06-11T12:05:01.964Z"}
{"level":"info","message":"Request /api/shows/1 - method: PATCH","timestamp":"2017-06-11T13:17:30.031Z"}
{"level":"info","message":"Request /api/shows/1 - method: GET","timestamp":"2017-06-11T13:17:37.233Z"}
{"level":"info","message":"Request /api/show/1 - method: GET","timestamp":"2017-06-11T13:17:41.430Z"}
{"level":"info","message":"Request /api/shows/votes/1 - method: PATCH","timestamp":"2017-06-11T13:17:56.790Z"}
{"level":"info","message":"Request /api/shows/votes/1 - method: PATCH","timestamp":"2017-06-11T13:18:14.717Z"}
{"level":"info","message":"Request /api/shows/votes/1 - method: PATCH","timestamp":"2017-06-11T13:19:03.936Z"}
{"level":"info","message":"Request /api/shows/votes/1 - method: PATCH","timestamp":"2017-06-11T13:19:17.696Z"}
{"level":"info","message":"Request /api/shows - method: GET","timestamp":"2017-06-11T13:20:23.130Z"}
{"level":"info","message":"Request /api/shows/1 - method: GET","timestamp":"2017-06-11T13:21:59.923Z"}
{"level":"info","message":"Request /api/shows/10 - method: GET","timestamp":"2017-06-11T13:22:03.691Z"}
{"level":"info","message":"Request /api/shows - method: GET","timestamp":"2017-06-11T13:25:37.299Z"}
{"level":"info","message":"Request /api/shows/2 - method: GET","timestamp":"2017-06-11T13:25:39.806Z"}
{"level":"info","message":"Request /api/shows/2 - method: GET","timestamp":"2017-06-11T13:26:41.534Z"}
{"level":"info","message":"Request /api/shows/2 - method: GET","timestamp":"2017-06-11T13:28:24.114Z"}
{"level":"info","message":"Request /api/shows/2 - method: GET","timestamp":"2017-06-11T13:29:02.945Z"}
{"level":"info","message":"Request /api/shows/votes - method: POST","timestamp":"2017-06-11T13:29:10.271Z"}
{"level":"info","message":"Request /api/shows/2 - method: GET","timestamp":"2017-06-11T13:29:33.468Z"}
{"level":"info","message":"Request /api/shows/2 - method: GET","timestamp":"2017-06-11T13:30:47.640Z"}
{"level":"info","message":"Request /api/shows/votes - method: POST","timestamp":"2017-06-11T13:30:50.358Z"}
{"level":"info","message":"Request /api/shows/2 - method: GET","timestamp":"2017-06-11T13:31:06.559Z"}
{"level":"info","message":"Request /api/shows/votes - method: OPTIONS","timestamp":"2017-06-11T13:31:09.487Z"}
{"level":"info","message":"Request /api/shows/votes - method: PATCH","timestamp":"2017-06-11T13:31:09.497Z"}
{"level":"info","message":"Request /api/shows/2 - method: GET","timestamp":"2017-06-11T13:32:06.082Z"}
{"level":"info","message":"Request /api/shows/2 - method: GET","timestamp":"2017-06-11T13:32:54.893Z"}
{"level":"info","message":"Request /api/shows/votes/undefined - method: OPTIONS","timestamp":"2017-06-11T13:33:03.598Z"}
{"level":"info","message":"Request /api/shows/votes/undefined - method: PATCH","timestamp":"2017-06-11T13:33:03.661Z"}
{"level":"info","message":"Request /api/shows/votes/undefined - method: OPTIONS","timestamp":"2017-06-11T13:34:26.904Z"}
{"level":"info","message":"Request /api/shows/votes/undefined - method: PATCH","timestamp":"2017-06-11T13:34:26.910Z"}
{"level":"info","message":"Request /api/shows/votes/undefined - method: PATCH","timestamp":"2017-06-11T13:35:03.663Z"}
{"level":"info","message":"Request /api/shows/votes/2 - method: OPTIONS","timestamp":"2017-06-11T13:35:41.108Z"}
{"level":"info","message":"Request /api/shows/votes/2 - method: PATCH","timestamp":"2017-06-11T13:35:41.114Z"}
{"level":"info","message":"Request /api/shows/2 - method: GET","timestamp":"2017-06-11T13:36:06.213Z"}
{"level":"info","message":"Request /api/shows/2 - method: GET","timestamp":"2017-06-11T13:36:07.066Z"}
{"level":"info","message":"Request /api/shows/votes/2 - method: OPTIONS","timestamp":"2017-06-11T13:36:11.837Z"}
{"level":"info","message":"Request /api/shows/votes/2 - method: PATCH","timestamp":"2017-06-11T13:36:11.849Z"}
{"level":"info","message":"Request /api/shows/2 - method: GET","timestamp":"2017-06-11T13:36:50.466Z"}
{"level":"info","message":"Request /api/shows/2 - method: GET","timestamp":"2017-06-11T13:42:57.175Z"}
{"level":"info","message":"Request /api/shows/2 - method: GET","timestamp":"2017-06-11T13:42:58.646Z"}
{"level":"info","message":"Request /api/shows/2 - method: GET","timestamp":"2017-06-11T14:23:55.143Z"}
{"level":"info","message":"Request /api/shows/2 - method: GET","timestamp":"2017-06-11T14:24:05.422Z"}
{"level":"info","message":"Request /api/shows/2 - method: GET","timestamp":"2017-06-11T14:24:26.309Z"}
{"level":"info","message":"Request /api/shows/2 - method: GET","timestamp":"2017-06-11T14:26:26.548Z"}
{"level":"info","message":"Request /api/shows/2 - method: GET","timestamp":"2017-06-11T14:27:11.784Z"}
{"level":"info","message":"Request /api/shows/2 - method: GET","timestamp":"2017-06-11T14:32:10.503Z"}
{"level":"info","message":"Request /api/shows/2 - method: GET","timestamp":"2017-06-11T14:32:53.233Z"}
{"level":"info","message":"Request /api/shows/2 - method: GET","timestamp":"2017-06-11T14:33:52.627Z"}
{"level":"info","message":"Request /api/shows/2 - method: GET","timestamp":"2017-06-11T14:37:48.116Z"}
{"level":"info","message":"Request /api/shows/2 - method: GET","timestamp":"2017-06-11T14:37:53.441Z"}
{"level":"info","message":"Request /api/shows/2 - method: GET","timestamp":"2017-06-11T14:38:12.873Z"}
{"level":"info","message":"Request /api/shows/2 - method: GET","timestamp":"2017-06-11T14:39:59.118Z"}
{"level":"info","message":"Request /api/shows/2 - method: GET","timestamp":"2017-06-11T14:59:27.125Z"}
{"level":"info","message":"Request /api/shows/2 - method: GET","timestamp":"2017-06-11T14:59:27.134Z"}
{"level":"info","message":"Request /api/shows/2 - method: GET","timestamp":"2017-06-11T14:59:27.787Z"}
{"level":"info","message":"Request /api/shows/2 - method: GET","timestamp":"2017-06-11T14:59:27.823Z"}
{"level":"info","message":"Request /api/shows/notes/1 - method: PATCH","timestamp":"2017-06-11T15:04:14.827Z"}
{"level":"info","message":"Body: {\"text\":\"this show is the best\",\"user\":\"@zucchinidev\"}","timestamp":"2017-06-11T15:04:14.829Z"}
{"level":"info","message":"Request /api/shows/notes/1 - method: PATCH","timestamp":"2017-06-11T15:05:04.008Z"}
{"level":"info","message":"Body: {\"text\":\"this show is the best\",\"user\":\"@zucchinidev\"}","timestamp":"2017-06-11T15:05:04.009Z"}
{"level":"info","message":"Request /api/shows/notes/1 - method: PATCH","timestamp":"2017-06-11T15:06:20.412Z"}
{"level":"info","message":"Body: {\"text\":\"this show is the best\",\"user\":\"@zucchinidev\"}","timestamp":"2017-06-11T15:06:20.413Z"}
{"level":"info","message":"Request /api/shows/notes/1 - method: PATCH","timestamp":"2017-06-11T15:06:34.570Z"}
{"level":"info","message":"Body: {\"text\":\"this show is the best\",\"user\":\"@zucchinidev\"}","timestamp":"2017-06-11T15:06:34.571Z"}
{"level":"info","message":"Request /api/shows/notes/1 - method: PATCH","timestamp":"2017-06-11T15:08:11.015Z"}
{"level":"info","message":"Body: {\"text\":\"this show is the best\",\"user\":\"@zucchinidev\"}","timestamp":"2017-06-11T15:08:11.015Z"}
{"level":"info","message":"Request /api/shows/notes/1 - method: PATCH","timestamp":"2017-06-11T15:08:16.002Z"}
{"level":"info","message":"Body: {\"text\":\"this show is the best 3\",\"user\":\"@zucchinidev\"}","timestamp":"2017-06-11T15:08:16.002Z"}
{"level":"info","message":"Request /api/shows/notes/1 - method: PATCH","timestamp":"2017-06-11T15:09:11.264Z"}
{"level":"info","message":"Body: {\"text\":\"this show is the best 3\",\"user\":\"@zucchinidev\"}","timestamp":"2017-06-11T15:09:11.265Z"}
{"level":"info","message":"Request /api/shows/notes/1 - method: PATCH","timestamp":"2017-06-11T15:09:19.928Z"}
{"level":"info","message":"Body: {\"text\":\"dale\",\"user\":\"@zucchinidev\"}","timestamp":"2017-06-11T15:09:19.928Z"}
{"level":"info","message":"Request /api/shows/notes/1 - method: PATCH","timestamp":"2017-06-11T15:09:58.659Z"}
{"level":"info","message":"Body: {\"text\":\"dale\",\"user\":\"@zucchinidev\"}","timestamp":"2017-06-11T15:09:58.661Z"}
{"level":"info","message":"Request /api/shows/notes/1 - method: PATCH","timestamp":"2017-06-11T15:10:56.835Z"}
{"level":"info","message":"Body: {\"text\":\"dale ltimo\",\"user\":\"@zucchinidev\"}","timestamp":"2017-06-11T15:10:56.836Z"}
{"level":"info","message":"Request /api/shows/notes/2 - method: PATCH","timestamp":"2017-06-11T15:13:48.665Z"}
{"level":"info","message":"Body: {\"text\":\"dale ltimo\",\"user\":\"@zucchinidev\"}","timestamp":"2017-06-11T15:13:48.666Z"}
{"level":"info","message":"Request /api/shows/2 - method: GET","timestamp":"2017-06-11T15:15:00.751Z"}
{"level":"info","message":"Request /api/shows/2 - method: GET","timestamp":"2017-06-11T15:15:29.385Z"}
{"level":"info","message":"Request /api/shows - method: GET","timestamp":"2017-06-18T11:09:00.244Z"}
{"level":"info","message":"Request /api/shows - method: GET","timestamp":"2017-06-18T11:18:41.745Z"}
{"level":"info","message":"Request /api/shows - method: GET","timestamp":"2017-06-18T11:20:00.328Z"}
{"level":"info","message":"Request /api/shows - method: GET","timestamp":"2017-06-18T11:20:20.225Z"}
{"level":"info","message":"Request /api/shows - method: GET","timestamp":"2017-06-18T11:20:23.485Z"}
{"level":"info","message":"Request /api/shows - method: GET","timestamp":"2017-06-18T11:26:42.528Z"}
{"level":"info","message":"Request /api/shows - method: GET","timestamp":"2017-06-18T11:29:14.641Z"}
{"level":"info","message":"Request /api/shows - method: GET","timestamp":"2017-06-18T11:29:21.461Z"}
{"level":"info","message":"Request /api/shows - method: GET","timestamp":"2017-06-18T11:39:55.720Z"}
{"level":"info","message":"Request /api/shows - method: GET","timestamp":"2017-06-18T11:53:28.204Z"}
{"level":"info","message":"Request /api/shows/1 - method: GET","timestamp":"2017-06-18T11:53:30.304Z"}
{"level":"info","message":"Request /api/shows - method: GET","timestamp":"2017-06-18T11:53:32.408Z"}
{"level":"info","message":"Request /api/shows/1 - method: GET","timestamp":"2017-06-18T11:53:33.524Z"}
{"level":"info","message":"Request /api/shows - method: GET","timestamp":"2017-06-18T11:53:35.294Z"}
{"level":"info","message":"Request /api/shows/1 - method: GET","timestamp":"2017-06-18T11:53:45.369Z"}
{"level":"info","message":"Request /api/shows - method: GET","timestamp":"2017-06-18T11:53:46.152Z"}
{"level":"info","message":"Request /api/shows - method: GET","timestamp":"2017-06-27T18:26:46.526Z"}
{"level":"info","message":"Request /favicon.ico - method: GET","timestamp":"2017-06-27T18:26:46.707Z"}
{"level":"info","message":"Request /api/shows - method: GET","timestamp":"2017-06-27T18:27:02.665Z"}
{"level":"info","message":"Request /api/shows - method: GET","timestamp":"2017-06-27T18:27:26.704Z"}
{"level":"info","message":"Request /favicon.ico - method: GET","timestamp":"2017-06-27T18:27:26.854Z"}
{"level":"info","message":"Request /api/shows - method: GET","timestamp":"2017-06-27T18:27:30.296Z"}
{"level":"info","message":"Request /api/shows - method: GET","timestamp":"2017-06-27T18:27:56.743Z"}
{"level":"info","message":"Request /api/shows - method: GET","timestamp":"2017-06-27T18:33:17.506Z"}
{"level":"info","message":"Request /api/shows - method: GET","timestamp":"2017-06-27T18:34:41.234Z"}
{"level":"info","message":"Request /login - method: GET","timestamp":"2017-06-27T18:34:41.274Z"}
{"level":"info","message":"Request /login.html - method: GET","timestamp":"2017-06-27T18:34:53.358Z"}
{"level":"info","message":"Request /login - method: GET","timestamp":"2017-06-27T18:34:56.802Z"}
{"level":"info","message":"Request /api/shows - method: GET","timestamp":"2017-06-27T18:34:59.942Z"}
{"level":"info","message":"Request /login - method: GET","timestamp":"2017-06-27T18:35:00.006Z"}
{"level":"info","message":"Request /api/shows - method: GET","timestamp":"2017-06-27T18:35:02.927Z"}
{"level":"info","message":"Request /login - method: GET","timestamp":"2017-06-27T18:35:02.936Z"}
{"level":"info","message":"Request /api/shows - method: GET","timestamp":"2017-06-27T18:35:12.180Z"}
{"level":"info","message":"Request /login - method: GET","timestamp":"2017-06-27T18:35:12.203Z"}
{"level":"info","message":"Request /api/shows - method: GET","timestamp":"2017-06-27T18:35:42.351Z"}
{"level":"info","message":"Request /api/login - method: GET","timestamp":"2017-06-27T18:35:42.373Z"}
{"level":"info","message":"Request /api/login - method: GET","timestamp":"2017-06-27T18:35:42.396Z"}
{"level":"info","message":"Request /api/login - method: GET","timestamp":"2017-06-27T18:35:42.442Z"}
{"level":"info","message":"Request /api/login - method: GET","timestamp":"2017-06-27T18:35:42.452Z"}
{"level":"info","message":"Request /api/login - method: GET","timestamp":"2017-06-27T18:35:42.461Z"}
{"level":"info","message":"Request /api/login - method: GET","timestamp":"2017-06-27T18:35:42.467Z"}
{"level":"info","message":"Request /api/login - method: GET","timestamp":"2017-06-27T18:35:42.475Z"}
{"level":"info","message":"Request /api/login - method: GET","timestamp":"2017-06-27T18:35:42.484Z"}
{"level":"info","message":"Request /api/login - method: GET","timestamp":"2017-06-27T18:35:42.488Z"}
{"level":"info","message":"Request /api/login - method: GET","timestamp":"2017-06-27T18:35:42.493Z"}
{"level":"info","message":"Request /api/login - method: GET","timestamp":"2017-06-27T18:35:42.504Z"}
{"level":"info","message":"Request /api/login - method: GET","timestamp":"2017-06-27T18:35:42.509Z"}
{"level":"info","message":"Request /api/login - method: GET","timestamp":"2017-06-27T18:35:42.516Z"}
{"level":"info","message":"Request /api/login - method: GET","timestamp":"2017-06-27T18:35:42.521Z"}
{"level":"info","message":"Request /api/login - method: GET","timestamp":"2017-06-27T18:35:42.526Z"}
{"level":"info","message":"Request /api/login - method: GET","timestamp":"2017-06-27T18:35:42.534Z"}
{"level":"info","message":"Request /api/login - method: GET","timestamp":"2017-06-27T18:35:42.540Z"}
{"level":"info","message":"Request /api/login - method: GET","timestamp":"2017-06-27T18:35:42.548Z"}
{"level":"info","message":"Request /api/login - method: GET","timestamp":"2017-06-27T18:35:42.555Z"}
{"level":"info","message":"Request /api/login - method: GET","timestamp":"2017-06-27T18:35:42.565Z"}
{"level":"info","message":"Request /api/shows - method: GET","timestamp":"2017-06-27T18:36:15.176Z"}
{"level":"info","message":"Request /api/shows - method: GET","timestamp":"2017-06-27T19:02:23.988Z"}
{"level":"info","message":"Request /login - method: GET","timestamp":"2017-06-27T19:03:15.323Z"}
{"level":"info","message":"Request /api/shows - method: GET","timestamp":"2017-06-27T19:03:18.702Z"}
{"level":"info","message":"Request /user/twitter - method: GET","timestamp":"2017-06-27T19:03:23.358Z"}
{"level":"info","message":"Request /api/shows - method: GET","timestamp":"2017-06-27T19:04:29.994Z"}
{"level":"info","message":"Request /user/twitter - method: GET","timestamp":"2017-06-27T19:04:37.012Z"}
{"level":"info","message":"Request /api/shows - method: GET","timestamp":"2017-06-27T19:09:01.965Z"}
{"level":"info","message":"Request /user/twitter - method: GET","timestamp":"2017-06-27T19:09:05.590Z"}
{"level":"info","message":"Request /user/twitter - method: GET","timestamp":"2017-06-27T19:09:54.968Z"}
{"level":"info","message":"Request /login - method: GET","timestamp":"2017-06-27T19:10:00.463Z"}
{"level":"info","message":"Request /api/shows - method: GET","timestamp":"2017-06-27T19:10:03.146Z"}
{"level":"info","message":"Request /user/twitter - method: GET","timestamp":"2017-06-27T19:10:07.035Z"}
{"level":"info","message":"Request /api/shows - method: GET","timestamp":"2017-06-27T19:12:15.384Z"}
{"level":"info","message":"Request /api/shows - method: GET","timestamp":"2017-06-27T19:12:16.082Z"}
{"level":"info","message":"Request /api/shows - method: GET","timestamp":"2017-06-27T19:14:11.533Z"}
{"level":"info","message":"Request /api/shows - method: GET","timestamp":"2017-06-27T19:14:50.023Z"}
{"level":"info","message":"Request /user/twitter - method: GET","timestamp":"2017-06-27T19:15:02.473Z"}
{"level":"info","message":"Request /api/shows - method: GET","timestamp":"2017-06-27T19:15:42.793Z"}
{"level":"info","message":"Request /user/twitter - method: GET","timestamp":"2017-06-27T19:15:53.608Z"}
{"level":"info","message":"Request /user/twitter/callback?oauth_token=T1Ph3QAAAAAA03rPAAABXOr7QeM&oauth_verifier=jBlEpfJc6m5QlM6cqjCvMd89zfuUW0ei - method: GET","timestamp":"2017-06-27T19:15:55.030Z"}
{"level":"info","message":"Request /user/profile - method: GET","timestamp":"2017-06-27T19:15:55.858Z"}
{"level":"info","message":"Request /api/shows - method: GET","timestamp":"2017-06-27T19:25:03.407Z"}
{"level":"info","message":"Request /user/twitter - method: GET","timestamp":"2017-06-27T19:25:29.897Z"}
{"level":"info","message":"Request /user/twitter/callback?oauth_token=5kO6KgAAAAAA03rPAAABXOsED84&oauth_verifier=ceEkWE1B6Rr6XisM4fjlKjb5PBTu1TZV - method: GET","timestamp":"2017-06-27T19:25:32.251Z"}
{"level":"info","message":"Request /user/profile - method: GET","timestamp":"2017-06-27T19:25:36.550Z"}
{"level":"info","message":"Request /api/shows - method: GET","timestamp":"2017-06-27T19:25:40.217Z"}
{"level":"info","message":"Request /api/shows - method: GET","timestamp":"2017-06-27T19:25:54.570Z"}
{"level":"info","message":"Request /user/twitter - method: GET","timestamp":"2017-06-27T19:26:01.382Z"}
{"level":"info","message":"Request /user/twitter/callback?oauth_token=F4KQBAAAAAAA03rPAAABXOsEiIU&oauth_verifier=oDk2hzRfYR02XDmQg6ybNaKQYeCcgme9 - method: GET","timestamp":"2017-06-27T19:26:02.505Z"}
{"level":"info","message":"Request /api/shows - method: GET","timestamp":"2017-06-27T19:26:04.253Z"}
{"level":"info","message":"Request /user/connect/twitter - method: GET","timestamp":"2017-06-27T19:32:02.907Z"}
{"level":"info","message":"Request /user/connect/twitter - method: GET","timestamp":"2017-06-27T19:32:41.522Z"}
{"level":"info","message":"Request /user/connect/twitter - method: GET","timestamp":"2017-06-27T19:33:21.812Z"}
{"level":"info","message":"Request /user/connect/twitter - method: GET","timestamp":"2017-06-27T19:34:01.513Z"}
{"level":"info","message":"Request /user/connect/twitter - method: GET","timestamp":"2017-06-27T19:34:34.522Z"}
{"level":"info","message":"Request /user/connect/twitter - method: GET","timestamp":"2017-06-27T19:36:22.300Z"}
{"level":"info","message":"Request /api/shows - method: GET","timestamp":"2017-06-27T19:44:20.933Z"}
{"level":"info","message":"Request /api/shows/2 - method: GET","timestamp":"2017-06-27T19:44:27.847Z"}
{"level":"info","message":"Request /api/shows - method: GET","timestamp":"2017-06-27T19:44:29.726Z"}
{"level":"info","message":"Request /api/shows - method: GET","timestamp":"2017-06-27T19:47:14.666Z"}
{"level":"info","message":"Request /api/shows - method: GET","timestamp":"2017-07-15T21:40:24.416Z"}
{"level":"info","message":"Request /favicon.ico - method: GET","timestamp":"2017-07-15T21:40:24.964Z"}
{"level":"info","message":"Request /api/shows - method: GET","timestamp":"2017-07-15T21:41:29.840Z"}
{"level":"info","message":"Request /api/shows/2 - method: GET","timestamp":"2017-07-15T21:41:31.864Z"}
{"level":"info","message":"Request /api/shows - method: GET","timestamp":"2017-07-15T21:41:36.570Z"}
